[  140445ms] [ERROR] %o

%s ReferenceError: Cannot access 'effectiveRole' before initialization
    at Navbar (http://localhost:3000/_next/static/chunks/src_76150f5e._.js?id=%255Bproject%255D%252Fsrc%252Fcomponents%252FNavbar.tsx+%255Bapp-client%255D+%2528ecmascript%2529:536:16)
    at Object.react_stack_bottom_frame (http://localhost:3000/_next/static/chunks/15ed4_next_dist_compiled_react-dom_648b3fd0._.js:14816:24)
    at renderWithHooks (http://localhost:3000/_next/static/chunks/15ed4_next_dist_compiled_react-dom_648b3fd0._.js:4645:24)
    at updateFunctionComponent (http://localhost:3000/_next/static/chunks/15ed4_next_dist_compiled_react-dom_648b3fd0._.js:6106:21)
    at beginWork (http://localhost:3000/_next/static/chunks/15ed4_next_dist_compiled_react-dom_648b3fd0._.js:6702:24)
    at runWithFiberInDEV (http://localhost:3000/_next/static/chunks/15ed4_next_dist_compiled_react-dom_648b3fd0._.js:959:74)
    at performUnitOfWork (http://localhost:3000/_next/static/chunks/15ed4_next_dist_compiled_react-dom_648b3fd0._.js:9556:97)
    at workLoopSync (http://localhost:3000/_next/static/chunks/15ed4_next_dist_compiled_react-dom_648b3fd0._.js:9450:40)
    at renderRootSync (http://localhost:3000/_next/static/chunks/15ed4_next_dist_compiled_react-dom_648b3fd0._.js:9434:13)
    at performWorkOnRoot (http://localhost:3000/_next/static/chunks/15ed4_next_dist_compiled_react-dom_648b3fd0._.js:9099:47)
    at performSyncWorkOnRoot (http://localhost:3000/_next/static/chunks/15ed4_next_dist_compiled_react-dom_648b3fd0._.js:10232:9)
    at flushSyncWorkAcrossRoots_impl (http://localhost:3000/_next/static/chunks/15ed4_next_dist_compiled_react-dom_648b3fd0._.js:10148:316)
    at flushSyncWork$1 (http://localhost:3000/_next/static/chunks/15ed4_next_dist_compiled_react-dom_648b3fd0._.js:9231:86)
    at Object.scheduleRefresh (http://localhost:3000/_next/static/chunks/15ed4_next_dist_compiled_react-dom_648b3fd0._.js:294:13)
    at http://localhost:3000/_next/static/chunks/15ed4_next_dist_compiled_bc8054be._.js:391:33
    at Set.forEach (<anonymous>)
    at Object.performReactRefresh (http://localhost:3000/_next/static/chunks/15ed4_next_dist_compiled_bc8054be._.js:384:38)
    at applyUpdate (http://localhost:3000/_next/static/chunks/15ed4_next_dist_compiled_bc8054be._.js:878:31)
    at http://localhost:3000/_next/static/chunks/15ed4_next_dist_compiled_bc8054be._.js:886:13 The above error occurred in the <Navbar> component. It was handled by the <ErrorBoundaryHandler> error boundary. @ http://localhost:3000/_next/static/chunks/15ed4_next_dist_client_f2c7d901._.js:1294
